<?xml version="1.0" encoding="UTF-8"?>
<!-- Generated by org.testng.reporters.JUnitXMLReporter -->
<testsuite ignored="0" hostname="BLPP-9377" failures="0" tests="2" name="Error Validations Test" time="12.402" errors="0" timestamp="2023-03-25T23:52:39 WET">
  <testcase classname="MahmoudLearning.tests.ErrorValidationsTest" name="loginErrorValidation" time="1.088"/>
  <testcase classname="MahmoudLearning.tests.ErrorValidationsTest" name="productErrorValidation" time="3.185"/>
</testsuite> <!-- Error Validations Test -->
