<?xml version="1.0" encoding="UTF-8"?>
<!-- Generated by org.testng.reporters.JUnitXMLReporter -->
<testsuite ignored="0" hostname="BLPP-9377" failures="0" tests="3" name="Submit Order Test" time="20.27" errors="0" timestamp="2023-03-25T23:52:46 WET">
  <testcase classname="MahmoudLearning.tests.SubmitOrderTest" name="submitOrder" time="4.237"/>
  <testcase classname="MahmoudLearning.tests.SubmitOrderTest" name="submitOrder" time="4.136"/>
  <testcase classname="MahmoudLearning.tests.SubmitOrderTest" name="orderHistoryTest" time="0.705"/>
</testsuite> <!-- Submit Order Test -->
